  [4;36;1mSQL (0.0ms)[0m   [0;1m SELECT name
 FROM sqlite_master
 WHERE type = 'table' AND NOT name = 'sqlite_sequence'
[0m
  [4;35;1mSQL (0.0ms)[0m   [0mselect sqlite_version(*)[0m
  [4;36;1mSQL (78.0ms)[0m   [0;1mCREATE TABLE "schema_migrations" ("version" varchar(255) NOT NULL) [0m
  [4;35;1mSQL (156.0ms)[0m   [0mCREATE UNIQUE INDEX "unique_schema_migrations" ON "schema_migrations" ("version")[0m
  [4;36;1mSQL (0.0ms)[0m   [0;1m SELECT name
 FROM sqlite_master
 WHERE type = 'table' AND NOT name = 'sqlite_sequence'
[0m
  [4;35;1mSQL (0.0ms)[0m   [0mSELECT version FROM schema_migrations[0m
Migrating to CreateTopics (20090613215836)
  [4;36;1mSQL (0.0ms)[0m   [0;1mCREATE TABLE "topics" ("id" INTEGER PRIMARY KEY AUTOINCREMENT NOT NULL, "title" varchar(255), "description" text, "created_at" datetime, "updated_at" datetime) [0m
  [4;35;1mSQL (0.0ms)[0m   [0mINSERT INTO schema_migrations (version) VALUES ('20090613215836')[0m
  [4;36;1mSQL (0.0ms)[0m   [0;1m SELECT name
 FROM sqlite_master
 WHERE type = 'table' AND NOT name = 'sqlite_sequence'
[0m
  [4;35;1mSQL (0.0ms)[0m   [0mSELECT version FROM schema_migrations[0m
  [4;36;1mSQL (0.0ms)[0m   [0;1m SELECT name
 FROM sqlite_master
 WHERE type = 'table' AND NOT name = 'sqlite_sequence'
[0m
  [4;35;1mSQL (0.0ms)[0m   [0mPRAGMA index_list("topics")[0m


Processing TopicsController#index (for 127.0.0.1 at 2009-06-13 15:14:04) [GET]
  [4;36;1mTopic Load (0.0ms)[0m   [0;1mSELECT * FROM "topics" [0m
Rendering template within layouts/topics
Rendering topics/index
Completed in 1484ms (View: 1484, DB: 0) | 200 OK [http://localhost/topics]


Processing TopicsController#new (for 127.0.0.1 at 2009-06-13 15:14:16) [GET]
Rendering template within layouts/topics
Rendering topics/new
Completed in 32ms (View: 16, DB: 0) | 200 OK [http://localhost/topics/new]


Processing TopicsController#create (for 127.0.0.1 at 2009-06-13 15:14:46) [POST]
  Parameters: {"commit"=>"Create", "authenticity_token"=>"zlJd/owhWXXZhnTCkL+jQaT//4Zibb3ANEtd7pz3l30=", "topic"=>{"title"=>"January", "description"=>"Each month"}}
  [4;35;1mTopic Create (0.0ms)[0m   [0mINSERT INTO "topics" ("updated_at", "title", "description", "created_at") VALUES('2009-06-13 22:14:46', 'January', 'Each month', '2009-06-13 22:14:46')[0m
Redirected to http://localhost:3000/topics/1
Completed in 203ms (DB: 0) | 302 Found [http://localhost/topics]


Processing TopicsController#show (for 127.0.0.1 at 2009-06-13 15:14:46) [GET]
  Parameters: {"id"=>"1"}
  [4;36;1mTopic Load (0.0ms)[0m   [0;1mSELECT * FROM "topics" WHERE ("topics"."id" = 1) [0m
Rendering template within layouts/topics
Rendering topics/show
Completed in 31ms (View: 16, DB: 0) | 200 OK [http://localhost/topics/1]


Processing TopicsController#index (for 127.0.0.1 at 2009-06-13 15:14:56) [GET]
  [4;35;1mTopic Load (0.0ms)[0m   [0mSELECT * FROM "topics" [0m
Rendering template within layouts/topics
Rendering topics/index
Completed in 93ms (View: 93, DB: 0) | 200 OK [http://localhost/topics]


Processing TopicsController#new (for 127.0.0.1 at 2009-06-13 15:14:57) [GET]
Rendering template within layouts/topics
Rendering topics/new
Completed in 15ms (View: 0, DB: 0) | 200 OK [http://localhost/topics/new]


Processing TopicsController#create (for 127.0.0.1 at 2009-06-13 15:15:14) [POST]
  Parameters: {"commit"=>"Create", "authenticity_token"=>"zlJd/owhWXXZhnTCkL+jQaT//4Zibb3ANEtd7pz3l30=", "topic"=>{"title"=>"Febuary", "description"=>"Did I spell that right?\r\n"}}
  [4;36;1mTopic Create (0.0ms)[0m   [0;1mINSERT INTO "topics" ("updated_at", "title", "description", "created_at") VALUES('2009-06-13 22:15:14', 'Febuary', 'Did I spell that right?
', '2009-06-13 22:15:14')[0m
Redirected to http://localhost:3000/topics/2
Completed in 140ms (DB: 0) | 302 Found [http://localhost/topics]


Processing TopicsController#show (for 127.0.0.1 at 2009-06-13 15:15:14) [GET]
  Parameters: {"id"=>"2"}
  [4;35;1mTopic Load (0.0ms)[0m   [0mSELECT * FROM "topics" WHERE ("topics"."id" = 2) [0m
Rendering template within layouts/topics
Rendering topics/show
Completed in 16ms (View: 16, DB: 0) | 200 OK [http://localhost/topics/2]


Processing TopicsController#index (for 127.0.0.1 at 2009-06-13 15:15:17) [GET]
  [4;36;1mTopic Load (0.0ms)[0m   [0;1mSELECT * FROM "topics" [0m
Rendering template within layouts/topics
Rendering topics/index
Completed in 15ms (View: 0, DB: 0) | 200 OK [http://localhost/topics]


Processing TopicsController#new (for 127.0.0.1 at 2009-06-13 15:18:07) [GET]
Rendering template within layouts/topics
Rendering topics/new
Completed in 15ms (View: 0, DB: 0) | 200 OK [http://localhost/topics/new]


Processing TopicsController#create (for 127.0.0.1 at 2009-06-13 15:18:15) [POST]
  Parameters: {"commit"=>"Create", "authenticity_token"=>"zlJd/owhWXXZhnTCkL+jQaT//4Zibb3ANEtd7pz3l30=", "topic"=>{"title"=>"March", "description"=>""}}
  [4;35;1mTopic Create (0.0ms)[0m   [0mINSERT INTO "topics" ("updated_at", "title", "description", "created_at") VALUES('2009-06-13 22:18:15', 'March', '', '2009-06-13 22:18:15')[0m
Redirected to http://localhost:3000/topics/3
Completed in 156ms (DB: 0) | 302 Found [http://localhost/topics]


Processing TopicsController#show (for 127.0.0.1 at 2009-06-13 15:18:15) [GET]
  Parameters: {"id"=>"3"}
  [4;36;1mTopic Load (0.0ms)[0m   [0;1mSELECT * FROM "topics" WHERE ("topics"."id" = 3) [0m
Rendering template within layouts/topics
Rendering topics/show
Completed in 16ms (View: 0, DB: 0) | 200 OK [http://localhost/topics/3]


Processing TopicsController#index (for 127.0.0.1 at 2009-06-13 15:18:18) [GET]
  [4;35;1mTopic Load (0.0ms)[0m   [0mSELECT * FROM "topics" [0m
Rendering template within layouts/topics
Rendering topics/index
Completed in 31ms (View: 15, DB: 0) | 200 OK [http://localhost/topics]


Processing TopicsController#new (for 127.0.0.1 at 2009-06-13 15:18:19) [GET]
Rendering template within layouts/topics
Rendering topics/new
Completed in 15ms (View: 0, DB: 0) | 200 OK [http://localhost/topics/new]


Processing TopicsController#create (for 127.0.0.1 at 2009-06-13 15:18:23) [POST]
  Parameters: {"commit"=>"Create", "authenticity_token"=>"zlJd/owhWXXZhnTCkL+jQaT//4Zibb3ANEtd7pz3l30=", "topic"=>{"title"=>"April", "description"=>""}}
  [4;36;1mTopic Create (0.0ms)[0m   [0;1mINSERT INTO "topics" ("updated_at", "title", "description", "created_at") VALUES('2009-06-13 22:18:23', 'April', '', '2009-06-13 22:18:23')[0m
Redirected to http://localhost:3000/topics/4
Completed in 140ms (DB: 0) | 302 Found [http://localhost/topics]


Processing TopicsController#show (for 127.0.0.1 at 2009-06-13 15:18:23) [GET]
  Parameters: {"id"=>"4"}
  [4;35;1mTopic Load (0.0ms)[0m   [0mSELECT * FROM "topics" WHERE ("topics"."id" = 4) [0m
Rendering template within layouts/topics
Rendering topics/show
Completed in 16ms (View: 0, DB: 0) | 200 OK [http://localhost/topics/4]


Processing TopicsController#index (for 127.0.0.1 at 2009-06-13 15:18:25) [GET]
  [4;36;1mTopic Load (0.0ms)[0m   [0;1mSELECT * FROM "topics" [0m
Rendering template within layouts/topics
Rendering topics/index
Completed in 31ms (View: 16, DB: 0) | 200 OK [http://localhost/topics]


Processing TopicsController#new (for 127.0.0.1 at 2009-06-13 15:18:26) [GET]
Rendering template within layouts/topics
Rendering topics/new
Completed in 15ms (View: 0, DB: 0) | 200 OK [http://localhost/topics/new]


Processing TopicsController#create (for 127.0.0.1 at 2009-06-13 15:18:30) [POST]
  Parameters: {"commit"=>"Create", "authenticity_token"=>"zlJd/owhWXXZhnTCkL+jQaT//4Zibb3ANEtd7pz3l30=", "topic"=>{"title"=>"May", "description"=>""}}
  [4;35;1mTopic Create (0.0ms)[0m   [0mINSERT INTO "topics" ("updated_at", "title", "description", "created_at") VALUES('2009-06-13 22:18:30', 'May', '', '2009-06-13 22:18:30')[0m
Redirected to http://localhost:3000/topics/5
Completed in 109ms (DB: 0) | 302 Found [http://localhost/topics]


Processing TopicsController#show (for 127.0.0.1 at 2009-06-13 15:18:30) [GET]
  Parameters: {"id"=>"5"}
  [4;36;1mTopic Load (0.0ms)[0m   [0;1mSELECT * FROM "topics" WHERE ("topics"."id" = 5) [0m
Rendering template within layouts/topics
Rendering topics/show
Completed in 94ms (View: 0, DB: 0) | 200 OK [http://localhost/topics/5]


Processing TopicsController#index (for 127.0.0.1 at 2009-06-13 15:18:33) [GET]
  [4;35;1mTopic Load (0.0ms)[0m   [0mSELECT * FROM "topics" [0m
Rendering template within layouts/topics
Rendering topics/index
Completed in 31ms (View: 16, DB: 0) | 200 OK [http://localhost/topics]
